/usr/lib/python3/dist-packages/requests/__init__.py:89: RequestsDependencyWarning: urllib3 (2.0.4) or chardet (3.0.4) doesn't match a supported version!
  warnings.warn("urllib3 ({}) or chardet ({}) doesn't match a supported "
wandb: Currently logged in as: schroederdewitt. Use `wandb login --relogin` to force relogin
/usr/lib/python3/dist-packages/requests/__init__.py:89: RequestsDependencyWarning: urllib3 (2.0.4) or chardet (3.0.4) doesn't match a supported version!
  warnings.warn("urllib3 ({}) or chardet ({}) doesn't match a supported "
/home/cs/.cache/pypoetry/virtualenvs/cleanrl-LuM6hf-M-py3.8/lib/python3.8/site-packages/torch/utils/tensorboard/__init__.py:4: DeprecationWarning: distutils Version classes are deprecated. Use packaging.version instead.
  if not hasattr(tensorboard, "__version__") or LooseVersion(
/home/cs/.cache/pypoetry/virtualenvs/cleanrl-LuM6hf-M-py3.8/lib/python3.8/site-packages/wandb/apis/public.py:3109: DeprecationWarning: pkg_resources is deprecated as an API. See https://setuptools.pypa.io/en/latest/pkg_resources.html
  from pkg_resources import parse_version
/home/cs/.cache/pypoetry/virtualenvs/cleanrl-LuM6hf-M-py3.8/lib/python3.8/site-packages/pkg_resources/__init__.py:2871: DeprecationWarning: Deprecated call to `pkg_resources.declare_namespace('mpl_toolkits')`.
Implementing implicit namespace packages (as specified in PEP 420) is preferred to `pkg_resources.declare_namespace`. See https://setuptools.pypa.io/en/latest/references/keywords.html#keyword-namespace-packages
  declare_namespace(pkg)
/home/cs/.cache/pypoetry/virtualenvs/cleanrl-LuM6hf-M-py3.8/lib/python3.8/site-packages/pkg_resources/__init__.py:2871: DeprecationWarning: Deprecated call to `pkg_resources.declare_namespace('google')`.
Implementing implicit namespace packages (as specified in PEP 420) is preferred to `pkg_resources.declare_namespace`. See https://setuptools.pypa.io/en/latest/references/keywords.html#keyword-namespace-packages
  declare_namespace(pkg)
wandb: Currently logged in as: schroederdewitt. Use `wandb login --relogin` to force relogin
/home/cs/.cache/pypoetry/virtualenvs/cleanrl-LuM6hf-M-py3.8/lib/python3.8/site-packages/torch/utils/tensorboard/__init__.py:4: DeprecationWarning: distutils Version classes are deprecated. Use packaging.version instead.
  if not hasattr(tensorboard, "__version__") or LooseVersion(
/home/cs/.cache/pypoetry/virtualenvs/cleanrl-LuM6hf-M-py3.8/lib/python3.8/site-packages/wandb/apis/public.py:3109: DeprecationWarning: pkg_resources is deprecated as an API. See https://setuptools.pypa.io/en/latest/pkg_resources.html
  from pkg_resources import parse_version
/home/cs/.cache/pypoetry/virtualenvs/cleanrl-LuM6hf-M-py3.8/lib/python3.8/site-packages/pkg_resources/__init__.py:2871: DeprecationWarning: Deprecated call to `pkg_resources.declare_namespace('mpl_toolkits')`.
Implementing implicit namespace packages (as specified in PEP 420) is preferred to `pkg_resources.declare_namespace`. See https://setuptools.pypa.io/en/latest/references/keywords.html#keyword-namespace-packages
  declare_namespace(pkg)
/home/cs/.cache/pypoetry/virtualenvs/cleanrl-LuM6hf-M-py3.8/lib/python3.8/site-packages/pkg_resources/__init__.py:2871: DeprecationWarning: Deprecated call to `pkg_resources.declare_namespace('google')`.
Implementing implicit namespace packages (as specified in PEP 420) is preferred to `pkg_resources.declare_namespace`. See https://setuptools.pypa.io/en/latest/references/keywords.html#keyword-namespace-packages
  declare_namespace(pkg)
wandb: Currently logged in as: schroederdewitt. Use `wandb login --relogin` to force relogin
/home/cs/.cache/pypoetry/virtualenvs/cleanrl-LuM6hf-M-py3.8/lib/python3.8/site-packages/torch/utils/tensorboard/__init__.py:4: DeprecationWarning: distutils Version classes are deprecated. Use packaging.version instead.
  if not hasattr(tensorboard, "__version__") or LooseVersion(
/home/cs/.cache/pypoetry/virtualenvs/cleanrl-LuM6hf-M-py3.8/lib/python3.8/site-packages/wandb/apis/public.py:3109: DeprecationWarning: pkg_resources is deprecated as an API. See https://setuptools.pypa.io/en/latest/pkg_resources.html
  from pkg_resources import parse_version
/home/cs/.cache/pypoetry/virtualenvs/cleanrl-LuM6hf-M-py3.8/lib/python3.8/site-packages/pkg_resources/__init__.py:2871: DeprecationWarning: Deprecated call to `pkg_resources.declare_namespace('mpl_toolkits')`.
Implementing implicit namespace packages (as specified in PEP 420) is preferred to `pkg_resources.declare_namespace`. See https://setuptools.pypa.io/en/latest/references/keywords.html#keyword-namespace-packages
  declare_namespace(pkg)
/home/cs/.cache/pypoetry/virtualenvs/cleanrl-LuM6hf-M-py3.8/lib/python3.8/site-packages/pkg_resources/__init__.py:2871: DeprecationWarning: Deprecated call to `pkg_resources.declare_namespace('google')`.
Implementing implicit namespace packages (as specified in PEP 420) is preferred to `pkg_resources.declare_namespace`. See https://setuptools.pypa.io/en/latest/references/keywords.html#keyword-namespace-packages
  declare_namespace(pkg)
wandb: Currently logged in as: schroederdewitt. Use `wandb login --relogin` to force relogin
/home/cs/.cache/pypoetry/virtualenvs/cleanrl-LuM6hf-M-py3.8/lib/python3.8/site-packages/torch/utils/tensorboard/__init__.py:4: DeprecationWarning: distutils Version classes are deprecated. Use packaging.version instead.
  if not hasattr(tensorboard, "__version__") or LooseVersion(
/home/cs/.cache/pypoetry/virtualenvs/cleanrl-LuM6hf-M-py3.8/lib/python3.8/site-packages/wandb/apis/public.py:3109: DeprecationWarning: pkg_resources is deprecated as an API. See https://setuptools.pypa.io/en/latest/pkg_resources.html
  from pkg_resources import parse_version
/home/cs/.cache/pypoetry/virtualenvs/cleanrl-LuM6hf-M-py3.8/lib/python3.8/site-packages/pkg_resources/__init__.py:2871: DeprecationWarning: Deprecated call to `pkg_resources.declare_namespace('mpl_toolkits')`.
Implementing implicit namespace packages (as specified in PEP 420) is preferred to `pkg_resources.declare_namespace`. See https://setuptools.pypa.io/en/latest/references/keywords.html#keyword-namespace-packages
  declare_namespace(pkg)
/home/cs/.cache/pypoetry/virtualenvs/cleanrl-LuM6hf-M-py3.8/lib/python3.8/site-packages/pkg_resources/__init__.py:2871: DeprecationWarning: Deprecated call to `pkg_resources.declare_namespace('google')`.
Implementing implicit namespace packages (as specified in PEP 420) is preferred to `pkg_resources.declare_namespace`. See https://setuptools.pypa.io/en/latest/references/keywords.html#keyword-namespace-packages
  declare_namespace(pkg)
wandb: Currently logged in as: schroederdewitt. Use `wandb login --relogin` to force relogin
/home/cs/.cache/pypoetry/virtualenvs/cleanrl-LuM6hf-M-py3.8/lib/python3.8/site-packages/torch/utils/tensorboard/__init__.py:4: DeprecationWarning: distutils Version classes are deprecated. Use packaging.version instead.
  if not hasattr(tensorboard, "__version__") or LooseVersion(
/home/cs/.cache/pypoetry/virtualenvs/cleanrl-LuM6hf-M-py3.8/lib/python3.8/site-packages/wandb/apis/public.py:3109: DeprecationWarning: pkg_resources is deprecated as an API. See https://setuptools.pypa.io/en/latest/pkg_resources.html
  from pkg_resources import parse_version
/home/cs/.cache/pypoetry/virtualenvs/cleanrl-LuM6hf-M-py3.8/lib/python3.8/site-packages/pkg_resources/__init__.py:2871: DeprecationWarning: Deprecated call to `pkg_resources.declare_namespace('mpl_toolkits')`.
Implementing implicit namespace packages (as specified in PEP 420) is preferred to `pkg_resources.declare_namespace`. See https://setuptools.pypa.io/en/latest/references/keywords.html#keyword-namespace-packages
  declare_namespace(pkg)
/home/cs/.cache/pypoetry/virtualenvs/cleanrl-LuM6hf-M-py3.8/lib/python3.8/site-packages/pkg_resources/__init__.py:2871: DeprecationWarning: Deprecated call to `pkg_resources.declare_namespace('google')`.
Implementing implicit namespace packages (as specified in PEP 420) is preferred to `pkg_resources.declare_namespace`. See https://setuptools.pypa.io/en/latest/references/keywords.html#keyword-namespace-packages
  declare_namespace(pkg)
wandb: Currently logged in as: schroederdewitt. Use `wandb login --relogin` to force relogin
/home/cs/.cache/pypoetry/virtualenvs/cleanrl-LuM6hf-M-py3.8/lib/python3.8/site-packages/torch/utils/tensorboard/__init__.py:4: DeprecationWarning: distutils Version classes are deprecated. Use packaging.version instead.
  if not hasattr(tensorboard, "__version__") or LooseVersion(
/home/cs/.cache/pypoetry/virtualenvs/cleanrl-LuM6hf-M-py3.8/lib/python3.8/site-packages/wandb/apis/public.py:3109: DeprecationWarning: pkg_resources is deprecated as an API. See https://setuptools.pypa.io/en/latest/pkg_resources.html
  from pkg_resources import parse_version
/home/cs/.cache/pypoetry/virtualenvs/cleanrl-LuM6hf-M-py3.8/lib/python3.8/site-packages/pkg_resources/__init__.py:2871: DeprecationWarning: Deprecated call to `pkg_resources.declare_namespace('mpl_toolkits')`.
Implementing implicit namespace packages (as specified in PEP 420) is preferred to `pkg_resources.declare_namespace`. See https://setuptools.pypa.io/en/latest/references/keywords.html#keyword-namespace-packages
  declare_namespace(pkg)
/home/cs/.cache/pypoetry/virtualenvs/cleanrl-LuM6hf-M-py3.8/lib/python3.8/site-packages/pkg_resources/__init__.py:2871: DeprecationWarning: Deprecated call to `pkg_resources.declare_namespace('google')`.
Implementing implicit namespace packages (as specified in PEP 420) is preferred to `pkg_resources.declare_namespace`. See https://setuptools.pypa.io/en/latest/references/keywords.html#keyword-namespace-packages
  declare_namespace(pkg)
wandb: Currently logged in as: schroederdewitt. Use `wandb login --relogin` to force relogin
wandb: wandb version 0.15.8 is available!  To upgrade, please run:
wandb:  $ pip install wandb --upgrade
wandb: Tracking run with wandb version 0.13.11
wandb: Run data is saved locally in /home/cs/Documents/cleanrl-schroederdewitt/scripts/wandb/run-20230826_183538-cv9sub4j
wandb: Run `wandb offline` to turn off syncing.
wandb: Syncing run PongDeterministic-v4__sac_atari__1__1693071337
wandb: ⭐️ View project at https://wandb.ai/schroederdewitt/mec_cleanrl
wandb: 🚀 View run at https://wandb.ai/schroederdewitt/mec_cleanrl/runs/cv9sub4j
wandb: wandb version 0.15.8 is available!  To upgrade, please run:
wandb:  $ pip install wandb --upgrade
wandb: Tracking run with wandb version 0.13.11
wandb: Run data is saved locally in /home/cs/Documents/cleanrl-schroederdewitt/scripts/wandb/run-20230826_183538-9qky0pve
wandb: Run `wandb offline` to turn off syncing.
wandb: wandb version 0.15.8 is available!  To upgrade, please run:
wandb:  $ pip install wandb --upgrade
wandb: Tracking run with wandb version 0.13.11
wandb: Run data is saved locally in /home/cs/Documents/cleanrl-schroederdewitt/scripts/wandb/run-20230826_183538-1cse73hz
wandb: Run `wandb offline` to turn off syncing.
wandb: Syncing run PongDeterministic-v4__sac_atari__1__1693071337
wandb: ⭐️ View project at https://wandb.ai/schroederdewitt/mec_cleanrl
wandb: 🚀 View run at https://wandb.ai/schroederdewitt/mec_cleanrl/runs/9qky0pve
wandb: Syncing run PongDeterministic-v4__sac_atari__1__1693071337
wandb: ⭐️ View project at https://wandb.ai/schroederdewitt/mec_cleanrl
wandb: 🚀 View run at https://wandb.ai/schroederdewitt/mec_cleanrl/runs/1cse73hz
wandb: wandb version 0.15.8 is available!  To upgrade, please run:
wandb:  $ pip install wandb --upgrade
wandb: Tracking run with wandb version 0.13.11
wandb: Run data is saved locally in /home/cs/Documents/cleanrl-schroederdewitt/scripts/wandb/run-20230826_183538-fxbvp41x
wandb: Run `wandb offline` to turn off syncing.
wandb: Syncing run PongDeterministic-v4__sac_atari__1__1693071337
wandb: ⭐️ View project at https://wandb.ai/schroederdewitt/mec_cleanrl
wandb: 🚀 View run at https://wandb.ai/schroederdewitt/mec_cleanrl/runs/fxbvp41x
wandb: wandb version 0.15.8 is available!  To upgrade, please run:
wandb:  $ pip install wandb --upgrade
wandb: Tracking run with wandb version 0.13.11
wandb: Run data is saved locally in /home/cs/Documents/cleanrl-schroederdewitt/scripts/wandb/run-20230826_183538-5ub877uc
wandb: Run `wandb offline` to turn off syncing.
wandb: Syncing run PongDeterministic-v4__sac_atari__1__1693071337
wandb: ⭐️ View project at https://wandb.ai/schroederdewitt/mec_cleanrl
wandb: 🚀 View run at https://wandb.ai/schroederdewitt/mec_cleanrl/runs/5ub877uc
A.L.E: Arcade Learning Environment (version 0.7.4+069f8bd)
[Powered by Stella]
A.L.E: Arcade Learning Environment (version 0.7.4+069f8bd)
[Powered by Stella]
A.L.E: Arcade Learning Environment (version 0.7.4+069f8bd)
[Powered by Stella]
A.L.E: Arcade Learning Environment (version 0.7.4+069f8bd)
[Powered by Stella]
A.L.E: Arcade Learning Environment (version 0.7.4+069f8bd)
[Powered by Stella]
wandb: wandb version 0.15.8 is available!  To upgrade, please run:
wandb:  $ pip install wandb --upgrade
wandb: Tracking run with wandb version 0.13.11
wandb: Run data is saved locally in /home/cs/Documents/cleanrl-schroederdewitt/scripts/wandb/run-20230826_183539-7bhogz9p
wandb: Run `wandb offline` to turn off syncing.
wandb: Syncing run PongDeterministic-v4__sac_atari__1__1693071337
wandb: ⭐️ View project at https://wandb.ai/schroederdewitt/mec_cleanrl
wandb: 🚀 View run at https://wandb.ai/schroederdewitt/mec_cleanrl/runs/7bhogz9p
A.L.E: Arcade Learning Environment (version 0.7.4+069f8bd)
[Powered by Stella]
Set log_beta to 6.0 (alpha=0.0024787521766663585).
global_step=212, episodic_return=-21.0
global_step=435, episodic_return=-21.0
global_step=655, episodic_return=-20.0
global_step=837, episodic_return=-21.0
global_step=1051, episodic_return=-20.0
global_step=1246, episodic_return=-21.0
global_step=1436, episodic_return=-21.0
global_step=1625, episodic_return=-21.0
global_step=1832, episodic_return=-21.0
global_step=2026, episodic_return=-21.0
global_step=2223, episodic_return=-21.0
global_step=2414, episodic_return=-21.0
global_step=2647, episodic_return=-21.0
global_step=2868, episodic_return=-21.0
global_step=3056, episodic_return=-21.0
global_step=3249, episodic_return=-21.0
global_step=3441, episodic_return=-21.0
global_step=3626, episodic_return=-21.0
global_step=3852, episodic_return=-21.0
global_step=4046, episodic_return=-21.0
global_step=4256, episodic_return=-21.0
global_step=4504, episodic_return=-20.0
global_step=4718, episodic_return=-21.0
global_step=4903, episodic_return=-21.0
global_step=5086, episodic_return=-21.0
global_step=5352, episodic_return=-20.0
global_step=5590, episodic_return=-21.0
global_step=5781, episodic_return=-21.0
global_step=6000, episodic_return=-21.0
global_step=6202, episodic_return=-21.0
global_step=6398, episodic_return=-21.0
global_step=6618, episodic_return=-21.0
global_step=6827, episodic_return=-21.0
global_step=7040, episodic_return=-21.0
global_step=7242, episodic_return=-21.0
global_step=7458, episodic_return=-21.0
global_step=7645, episodic_return=-21.0
global_step=7875, episodic_return=-21.0
global_step=8126, episodic_return=-19.0
global_step=8321, episodic_return=-21.0
global_step=8550, episodic_return=-20.0
global_step=8800, episodic_return=-20.0
global_step=9004, episodic_return=-21.0
global_step=9226, episodic_return=-21.0
global_step=9434, episodic_return=-21.0
global_step=9649, episodic_return=-21.0
global_step=9838, episodic_return=-21.0
global_step=10020, episodic_return=-21.0
global_step=10269, episodic_return=-19.0
global_step=10498, episodic_return=-21.0
global_step=10719, episodic_return=-21.0
global_step=10933, episodic_return=-21.0
global_step=11135, episodic_return=-21.0
global_step=11320, episodic_return=-21.0
global_step=11540, episodic_return=-21.0
global_step=11727, episodic_return=-21.0
global_step=11942, episodic_return=-20.0
global_step=12160, episodic_return=-21.0
global_step=12392, episodic_return=-21.0
global_step=12574, episodic_return=-21.0
global_step=12813, episodic_return=-21.0
global_step=13050, episodic_return=-21.0
global_step=13260, episodic_return=-20.0
global_step=13509, episodic_return=-21.0
global_step=13730, episodic_return=-21.0
global_step=13937, episodic_return=-21.0
global_step=14128, episodic_return=-21.0
global_step=14338, episodic_return=-21.0
global_step=14590, episodic_return=-21.0
global_step=14799, episodic_return=-21.0
global_step=15036, episodic_return=-21.0
global_step=15226, episodic_return=-21.0
global_step=15412, episodic_return=-21.0
global_step=15608, episodic_return=-21.0
global_step=15816, episodic_return=-21.0
global_step=16036, episodic_return=-21.0
global_step=16237, episodic_return=-20.0
global_step=16472, episodic_return=-20.0
global_step=16704, episodic_return=-21.0
global_step=16893, episodic_return=-21.0
global_step=17118, episodic_return=-21.0
global_step=17330, episodic_return=-21.0
global_step=17529, episodic_return=-21.0
global_step=17778, episodic_return=-20.0
global_step=17997, episodic_return=-21.0
global_step=18182, episodic_return=-21.0
global_step=18435, episodic_return=-21.0
global_step=18623, episodic_return=-21.0
global_step=18879, episodic_return=-19.0
global_step=19067, episodic_return=-21.0
global_step=19291, episodic_return=-20.0
global_step=19484, episodic_return=-21.0
global_step=19688, episodic_return=-21.0
global_step=19943, episodic_return=-20.0
SPS: 362
Saving model...
global_step=20170, episodic_return=-21.0
global_step=20369, episodic_return=-21.0
global_step=20565, episodic_return=-21.0
global_step=20814, episodic_return=-21.0
global_step=21015, episodic_return=-21.0
global_step=21215, episodic_return=-21.0
global_step=21419, episodic_return=-21.0
global_step=21656, episodic_return=-21.0
global_step=21879, episodic_return=-20.0
global_step=22108, episodic_return=-21.0
global_step=22337, episodic_return=-21.0
global_step=22570, episodic_return=-21.0
global_step=22802, episodic_return=-20.0
global_step=23031, episodic_return=-21.0
global_step=23247, episodic_return=-21.0
global_step=23518, episodic_return=-21.0
global_step=23739, episodic_return=-21.0
global_step=23958, episodic_return=-21.0
global_step=24176, episodic_return=-21.0
global_step=24436, episodic_return=-20.0
global_step=24636, episodic_return=-21.0
global_step=24839, episodic_return=-21.0
global_step=25034, episodic_return=-21.0
global_step=25217, episodic_return=-21.0
global_step=25462, episodic_return=-21.0
global_step=25698, episodic_return=-20.0
global_step=25958, episodic_return=-19.0
global_step=26204, episodic_return=-20.0
global_step=26387, episodic_return=-21.0
global_step=26636, episodic_return=-21.0
global_step=26903, episodic_return=-19.0
global_step=27171, episodic_return=-19.0
global_step=27374, episodic_return=-21.0
global_step=27573, episodic_return=-21.0
global_step=27773, episodic_return=-21.0
global_step=27976, episodic_return=-21.0
global_step=28189, episodic_return=-21.0
global_step=28422, episodic_return=-21.0
global_step=28681, episodic_return=-19.0
global_step=28954, episodic_return=-19.0
global_step=29138, episodic_return=-21.0
global_step=29337, episodic_return=-21.0
global_step=29520, episodic_return=-21.0
global_step=29741, episodic_return=-21.0
global_step=29930, episodic_return=-21.0
global_step=30143, episodic_return=-21.0
global_step=30348, episodic_return=-21.0
global_step=30574, episodic_return=-21.0
global_step=30829, episodic_return=-21.0
global_step=31030, episodic_return=-21.0
global_step=31232, episodic_return=-21.0
global_step=31422, episodic_return=-21.0
global_step=31664, episodic_return=-21.0
global_step=31865, episodic_return=-21.0
global_step=32126, episodic_return=-21.0
global_step=32311, episodic_return=-21.0
global_step=32524, episodic_return=-21.0
global_step=32736, episodic_return=-21.0
global_step=32952, episodic_return=-21.0
global_step=33136, episodic_return=-21.0
global_step=33349, episodic_return=-21.0
global_step=33569, episodic_return=-21.0
global_step=33819, episodic_return=-21.0
global_step=34054, episodic_return=-21.0
global_step=34258, episodic_return=-20.0
global_step=34452, episodic_return=-21.0
global_step=34656, episodic_return=-21.0
global_step=34875, episodic_return=-20.0
global_step=35090, episodic_return=-21.0
global_step=35312, episodic_return=-21.0
global_step=35512, episodic_return=-21.0
global_step=35711, episodic_return=-21.0
global_step=35975, episodic_return=-20.0
global_step=36200, episodic_return=-21.0
global_step=36405, episodic_return=-21.0
global_step=36603, episodic_return=-21.0
global_step=36806, episodic_return=-21.0
global_step=37056, episodic_return=-21.0
global_step=37262, episodic_return=-21.0
global_step=37473, episodic_return=-21.0
global_step=37689, episodic_return=-21.0
global_step=37884, episodic_return=-21.0
global_step=38087, episodic_return=-21.0
global_step=38342, episodic_return=-21.0
global_step=38541, episodic_return=-21.0
global_step=38750, episodic_return=-21.0
global_step=38954, episodic_return=-21.0
global_step=39138, episodic_return=-21.0
global_step=39353, episodic_return=-21.0
global_step=39556, episodic_return=-21.0
global_step=39832, episodic_return=-20.0
global_step=40064, episodic_return=-21.0
global_step=40287, episodic_return=-21.0
global_step=40518, episodic_return=-20.0
global_step=40725, episodic_return=-21.0
global_step=40913, episodic_return=-21.0
global_step=41114, episodic_return=-21.0
global_step=41353, episodic_return=-21.0
global_step=41557, episodic_return=-21.0
global_step=41765, episodic_return=-20.0
global_step=41997, episodic_return=-21.0
global_step=42197, episodic_return=-21.0
global_step=42418, episodic_return=-21.0
global_step=42620, episodic_return=-21.0
global_step=42848, episodic_return=-20.0
Set log_beta to 4.0 (alpha=0.01831563888873418).
global_step=212, episodic_return=-21.0
global_step=435, episodic_return=-21.0
global_step=655, episodic_return=-20.0
global_step=837, episodic_return=-21.0
global_step=1051, episodic_return=-20.0
global_step=1246, episodic_return=-21.0
global_step=1436, episodic_return=-21.0
global_step=1625, episodic_return=-21.0
global_step=1832, episodic_return=-21.0
global_step=2026, episodic_return=-21.0
global_step=2223, episodic_return=-21.0
global_step=2414, episodic_return=-21.0
global_step=2647, episodic_return=-21.0
global_step=2868, episodic_return=-21.0
global_step=3056, episodic_return=-21.0
global_step=3249, episodic_return=-21.0
global_step=3441, episodic_return=-21.0
global_step=3626, episodic_return=-21.0
global_step=3852, episodic_return=-21.0
global_step=4046, episodic_return=-21.0
global_step=4256, episodic_return=-21.0
global_step=4504, episodic_return=-20.0
global_step=4718, episodic_return=-21.0
global_step=4903, episodic_return=-21.0
global_step=5086, episodic_return=-21.0
global_step=5352, episodic_return=-20.0
global_step=5590, episodic_return=-21.0
global_step=5781, episodic_return=-21.0
global_step=6000, episodic_return=-21.0
global_step=6202, episodic_return=-21.0
global_step=6398, episodic_return=-21.0
global_step=6618, episodic_return=-21.0
global_step=6827, episodic_return=-21.0
global_step=7040, episodic_return=-21.0
global_step=7242, episodic_return=-21.0
global_step=7458, episodic_return=-21.0
global_step=7645, episodic_return=-21.0
global_step=7875, episodic_return=-21.0
global_step=8126, episodic_return=-19.0
global_step=8321, episodic_return=-21.0
global_step=8550, episodic_return=-20.0
global_step=8800, episodic_return=-20.0
global_step=9004, episodic_return=-21.0
global_step=9226, episodic_return=-21.0
global_step=9434, episodic_return=-21.0
global_step=9649, episodic_return=-21.0
global_step=9838, episodic_return=-21.0
global_step=10020, episodic_return=-21.0
global_step=10269, episodic_return=-19.0
global_step=10498, episodic_return=-21.0
global_step=10719, episodic_return=-21.0
global_step=10933, episodic_return=-21.0
global_step=11135, episodic_return=-21.0
global_step=11320, episodic_return=-21.0
global_step=11540, episodic_return=-21.0
global_step=11727, episodic_return=-21.0
global_step=11942, episodic_return=-20.0
global_step=12160, episodic_return=-21.0
global_step=12392, episodic_return=-21.0
global_step=12574, episodic_return=-21.0
global_step=12813, episodic_return=-21.0
global_step=13050, episodic_return=-21.0
global_step=13260, episodic_return=-20.0
global_step=13509, episodic_return=-21.0
global_step=13730, episodic_return=-21.0
global_step=13937, episodic_return=-21.0
global_step=14128, episodic_return=-21.0
global_step=14338, episodic_return=-21.0
global_step=14590, episodic_return=-21.0
global_step=14799, episodic_return=-21.0
global_step=15036, episodic_return=-21.0
global_step=15226, episodic_return=-21.0
global_step=15412, episodic_return=-21.0
global_step=15608, episodic_return=-21.0
global_step=15816, episodic_return=-21.0
global_step=16036, episodic_return=-21.0
global_step=16237, episodic_return=-20.0
global_step=16472, episodic_return=-20.0
global_step=16704, episodic_return=-21.0
global_step=16893, episodic_return=-21.0
global_step=17118, episodic_return=-21.0
global_step=17330, episodic_return=-21.0
global_step=17529, episodic_return=-21.0
global_step=17778, episodic_return=-20.0
global_step=17997, episodic_return=-21.0
global_step=18182, episodic_return=-21.0
global_step=18435, episodic_return=-21.0
global_step=18623, episodic_return=-21.0
global_step=18879, episodic_return=-19.0
global_step=19067, episodic_return=-21.0
global_step=19291, episodic_return=-20.0
global_step=19484, episodic_return=-21.0
global_step=19688, episodic_return=-21.0
global_step=19943, episodic_return=-20.0
SPS: 356
Saving model...
global_step=20170, episodic_return=-21.0
global_step=20369, episodic_return=-21.0
global_step=20565, episodic_return=-21.0
global_step=20814, episodic_return=-21.0
global_step=21015, episodic_return=-21.0
global_step=21215, episodic_return=-21.0
global_step=21419, episodic_return=-21.0
global_step=21656, episodic_return=-21.0
global_step=21855, episodic_return=-21.0
global_step=22054, episodic_return=-21.0
global_step=22283, episodic_return=-21.0
global_step=22521, episodic_return=-21.0
global_step=22759, episodic_return=-21.0
global_step=23010, episodic_return=-21.0
global_step=23266, episodic_return=-20.0
global_step=23489, episodic_return=-21.0
global_step=23690, episodic_return=-21.0
global_step=23898, episodic_return=-20.0
global_step=24113, episodic_return=-21.0
global_step=24326, episodic_return=-21.0
global_step=24517, episodic_return=-21.0
global_step=24767, episodic_return=-19.0
global_step=25003, episodic_return=-21.0
global_step=25186, episodic_return=-21.0
global_step=25415, episodic_return=-21.0
global_step=25616, episodic_return=-21.0
global_step=25874, episodic_return=-20.0
global_step=26076, episodic_return=-21.0
global_step=26273, episodic_return=-21.0
global_step=26532, episodic_return=-20.0
global_step=26750, episodic_return=-20.0
global_step=26965, episodic_return=-20.0
global_step=27183, episodic_return=-21.0
global_step=27412, episodic_return=-21.0
global_step=27637, episodic_return=-20.0
global_step=27834, episodic_return=-21.0
global_step=28023, episodic_return=-21.0
global_step=28262, episodic_return=-21.0
global_step=28448, episodic_return=-21.0
global_step=28699, episodic_return=-19.0
global_step=28980, episodic_return=-21.0
global_step=29247, episodic_return=-18.0
global_step=29445, episodic_return=-21.0
global_step=29720, episodic_return=-20.0
global_step=29917, episodic_return=-21.0
global_step=30115, episodic_return=-21.0
global_step=30305, episodic_return=-21.0
global_step=30493, episodic_return=-21.0
global_step=30713, episodic_return=-21.0
global_step=30914, episodic_return=-21.0
global_step=31116, episodic_return=-21.0
global_step=31336, episodic_return=-21.0
global_step=31520, episodic_return=-21.0
global_step=31736, episodic_return=-21.0
global_step=31936, episodic_return=-21.0
global_step=32170, episodic_return=-21.0
global_step=32390, episodic_return=-21.0
global_step=32594, episodic_return=-21.0
global_step=32817, episodic_return=-21.0
global_step=33054, episodic_return=-19.0
global_step=33240, episodic_return=-21.0
global_step=33477, episodic_return=-20.0
global_step=33720, episodic_return=-21.0
global_step=33926, episodic_return=-21.0
global_step=34127, episodic_return=-21.0
global_step=34345, episodic_return=-21.0
global_step=34564, episodic_return=-21.0
global_step=34808, episodic_return=-21.0
global_step=35018, episodic_return=-21.0
global_step=35206, episodic_return=-21.0
global_step=35456, episodic_return=-21.0
global_step=35654, episodic_return=-21.0
global_step=35837, episodic_return=-21.0
global_step=36047, episodic_return=-21.0
global_step=36261, episodic_return=-20.0
global_step=36451, episodic_return=-21.0
global_step=36690, episodic_return=-21.0
global_step=36969, episodic_return=-20.0
global_step=37173, episodic_return=-21.0
global_step=37394, episodic_return=-21.0
global_step=37660, episodic_return=-20.0
global_step=37863, episodic_return=-21.0
global_step=38141, episodic_return=-21.0
global_step=38328, episodic_return=-21.0
global_step=38549, episodic_return=-21.0
global_step=38766, episodic_return=-21.0
global_step=38981, episodic_return=-21.0
global_step=39224, episodic_return=-19.0
global_step=39415, episodic_return=-21.0
global_step=39638, episodic_return=-21.0
global_step=39854, episodic_return=-21.0
global_step=40064, episodic_return=-20.0
global_step=40287, episodic_return=-21.0
global_step=40518, episodic_return=-20.0
global_step=40725, episodic_return=-21.0
global_step=40913, episodic_return=-21.0
global_step=41114, episodic_return=-21.0
global_step=41353, episodic_return=-21.0
global_step=41557, episodic_return=-21.0
global_step=41765, episodic_return=-20.0
global_step=41997, episodic_return=-21.0
global_step=42197, episodic_return=-21.0
global_step=42418, episodic_return=-21.0
global_step=42620, episodic_return=-21.0
global_step=42848, episodic_return=-20.0
Set log_beta to 3.0 (alpha=0.049787068367863944).
global_step=212, episodic_return=-21.0
global_step=435, episodic_return=-21.0
global_step=655, episodic_return=-20.0
global_step=837, episodic_return=-21.0
global_step=1051, episodic_return=-20.0
global_step=1246, episodic_return=-21.0
global_step=1436, episodic_return=-21.0
global_step=1625, episodic_return=-21.0
global_step=1832, episodic_return=-21.0
global_step=2026, episodic_return=-21.0
global_step=2223, episodic_return=-21.0
global_step=2414, episodic_return=-21.0
global_step=2647, episodic_return=-21.0
global_step=2868, episodic_return=-21.0
global_step=3056, episodic_return=-21.0
global_step=3249, episodic_return=-21.0
global_step=3441, episodic_return=-21.0
global_step=3626, episodic_return=-21.0
global_step=3852, episodic_return=-21.0
global_step=4046, episodic_return=-21.0
global_step=4256, episodic_return=-21.0
global_step=4504, episodic_return=-20.0
global_step=4718, episodic_return=-21.0
global_step=4903, episodic_return=-21.0
global_step=5086, episodic_return=-21.0
global_step=5352, episodic_return=-20.0
global_step=5590, episodic_return=-21.0
global_step=5781, episodic_return=-21.0
global_step=6000, episodic_return=-21.0
global_step=6202, episodic_return=-21.0
global_step=6398, episodic_return=-21.0
global_step=6618, episodic_return=-21.0
global_step=6827, episodic_return=-21.0
global_step=7040, episodic_return=-21.0
global_step=7242, episodic_return=-21.0
global_step=7458, episodic_return=-21.0
global_step=7645, episodic_return=-21.0
global_step=7875, episodic_return=-21.0
global_step=8126, episodic_return=-19.0
global_step=8321, episodic_return=-21.0
global_step=8550, episodic_return=-20.0
global_step=8800, episodic_return=-20.0
global_step=9004, episodic_return=-21.0
global_step=9226, episodic_return=-21.0
global_step=9434, episodic_return=-21.0
global_step=9649, episodic_return=-21.0
global_step=9838, episodic_return=-21.0
global_step=10020, episodic_return=-21.0
global_step=10269, episodic_return=-19.0
global_step=10498, episodic_return=-21.0
global_step=10719, episodic_return=-21.0
global_step=10933, episodic_return=-21.0
global_step=11135, episodic_return=-21.0
global_step=11320, episodic_return=-21.0
global_step=11540, episodic_return=-21.0
global_step=11727, episodic_return=-21.0
global_step=11942, episodic_return=-20.0
global_step=12160, episodic_return=-21.0
global_step=12392, episodic_return=-21.0
global_step=12574, episodic_return=-21.0
global_step=12813, episodic_return=-21.0
global_step=13050, episodic_return=-21.0
global_step=13260, episodic_return=-20.0
global_step=13509, episodic_return=-21.0
global_step=13730, episodic_return=-21.0
global_step=13937, episodic_return=-21.0
global_step=14128, episodic_return=-21.0
global_step=14338, episodic_return=-21.0
global_step=14590, episodic_return=-21.0
global_step=14799, episodic_return=-21.0
global_step=15036, episodic_return=-21.0
global_step=15226, episodic_return=-21.0
global_step=15412, episodic_return=-21.0
global_step=15608, episodic_return=-21.0
global_step=15816, episodic_return=-21.0
global_step=16036, episodic_return=-21.0
global_step=16237, episodic_return=-20.0
global_step=16472, episodic_return=-20.0
global_step=16704, episodic_return=-21.0
global_step=16893, episodic_return=-21.0
global_step=17118, episodic_return=-21.0
global_step=17330, episodic_return=-21.0
global_step=17529, episodic_return=-21.0
global_step=17778, episodic_return=-20.0
global_step=17997, episodic_return=-21.0
global_step=18182, episodic_return=-21.0
global_step=18435, episodic_return=-21.0
global_step=18623, episodic_return=-21.0
global_step=18879, episodic_return=-19.0
global_step=19067, episodic_return=-21.0
global_step=19291, episodic_return=-20.0
global_step=19484, episodic_return=-21.0
global_step=19688, episodic_return=-21.0
global_step=19943, episodic_return=-20.0
SPS: 359
Saving model...
global_step=20155, episodic_return=-21.0
global_step=20384, episodic_return=-21.0
global_step=20596, episodic_return=-21.0
global_step=20849, episodic_return=-21.0
global_step=21146, episodic_return=-20.0
global_step=21399, episodic_return=-20.0
global_step=21593, episodic_return=-21.0
global_step=21835, episodic_return=-20.0
global_step=22064, episodic_return=-21.0
global_step=22263, episodic_return=-21.0
global_step=22476, episodic_return=-21.0
global_step=22671, episodic_return=-21.0
global_step=22872, episodic_return=-21.0
global_step=23075, episodic_return=-21.0
global_step=23262, episodic_return=-21.0
global_step=23550, episodic_return=-20.0
global_step=23773, episodic_return=-21.0
global_step=23992, episodic_return=-21.0
global_step=24257, episodic_return=-20.0
global_step=24455, episodic_return=-21.0
global_step=24661, episodic_return=-21.0
global_step=24886, episodic_return=-21.0
global_step=25084, episodic_return=-21.0
global_step=25282, episodic_return=-21.0
global_step=25511, episodic_return=-20.0
global_step=25712, episodic_return=-21.0
global_step=25943, episodic_return=-21.0
global_step=26130, episodic_return=-21.0
global_step=26328, episodic_return=-21.0
global_step=26544, episodic_return=-20.0
global_step=26734, episodic_return=-21.0
global_step=26934, episodic_return=-21.0
global_step=27129, episodic_return=-21.0
global_step=27342, episodic_return=-21.0
global_step=27544, episodic_return=-21.0
global_step=27758, episodic_return=-21.0
global_step=27940, episodic_return=-21.0
global_step=28134, episodic_return=-21.0
global_step=28350, episodic_return=-21.0
global_step=28575, episodic_return=-21.0
global_step=28805, episodic_return=-21.0
global_step=29005, episodic_return=-21.0
global_step=29250, episodic_return=-21.0
global_step=29448, episodic_return=-21.0
global_step=29645, episodic_return=-21.0
global_step=29827, episodic_return=-21.0
global_step=30025, episodic_return=-21.0
global_step=30243, episodic_return=-21.0
global_step=30447, episodic_return=-21.0
global_step=30671, episodic_return=-21.0
global_step=30912, episodic_return=-20.0
global_step=31125, episodic_return=-21.0
global_step=31324, episodic_return=-21.0
global_step=31575, episodic_return=-21.0
global_step=31794, episodic_return=-20.0
global_step=31994, episodic_return=-21.0
global_step=32222, episodic_return=-21.0
global_step=32418, episodic_return=-21.0
global_step=32619, episodic_return=-21.0
global_step=32864, episodic_return=-21.0
global_step=33094, episodic_return=-20.0
global_step=33312, episodic_return=-21.0
global_step=33509, episodic_return=-21.0
global_step=33712, episodic_return=-21.0
global_step=33898, episodic_return=-21.0
global_step=34088, episodic_return=-21.0
global_step=34292, episodic_return=-21.0
global_step=34537, episodic_return=-21.0
global_step=34774, episodic_return=-21.0
global_step=35008, episodic_return=-21.0
global_step=35262, episodic_return=-20.0
global_step=35457, episodic_return=-21.0
global_step=35694, episodic_return=-19.0
global_step=35902, episodic_return=-21.0
global_step=36115, episodic_return=-21.0
global_step=36298, episodic_return=-21.0
global_step=36562, episodic_return=-21.0
global_step=36773, episodic_return=-21.0
global_step=37002, episodic_return=-21.0
global_step=37246, episodic_return=-21.0
global_step=37452, episodic_return=-20.0
global_step=37655, episodic_return=-21.0
global_step=37874, episodic_return=-21.0
global_step=38124, episodic_return=-19.0
global_step=38338, episodic_return=-21.0
global_step=38612, episodic_return=-21.0
global_step=38882, episodic_return=-21.0
global_step=39096, episodic_return=-21.0
global_step=39340, episodic_return=-21.0
global_step=39543, episodic_return=-21.0
global_step=39743, episodic_return=-21.0
global_step=39994, episodic_return=-20.0
global_step=40210, episodic_return=-21.0
global_step=40415, episodic_return=-21.0
global_step=40703, episodic_return=-19.0
global_step=40946, episodic_return=-20.0
global_step=41177, episodic_return=-21.0
global_step=41434, episodic_return=-20.0
global_step=41682, episodic_return=-21.0
global_step=41923, episodic_return=-21.0
global_step=42145, episodic_return=-20.0
global_step=42375, episodic_return=-21.0
global_step=42574, episodic_return=-21.0
global_step=42791, episodic_return=-21.0
global_step=43011, episodic_return=-21.0
Set log_beta to 8.0 (alpha=0.00033546262790251185).
global_step=212, episodic_return=-21.0
global_step=435, episodic_return=-21.0
global_step=655, episodic_return=-20.0
global_step=837, episodic_return=-21.0
global_step=1051, episodic_return=-20.0
global_step=1246, episodic_return=-21.0
global_step=1436, episodic_return=-21.0
global_step=1625, episodic_return=-21.0
global_step=1832, episodic_return=-21.0
global_step=2026, episodic_return=-21.0
global_step=2223, episodic_return=-21.0
global_step=2414, episodic_return=-21.0
global_step=2647, episodic_return=-21.0
global_step=2868, episodic_return=-21.0
global_step=3056, episodic_return=-21.0
global_step=3249, episodic_return=-21.0
global_step=3441, episodic_return=-21.0
global_step=3626, episodic_return=-21.0
global_step=3852, episodic_return=-21.0
global_step=4046, episodic_return=-21.0
global_step=4256, episodic_return=-21.0
global_step=4504, episodic_return=-20.0
global_step=4718, episodic_return=-21.0
global_step=4903, episodic_return=-21.0
global_step=5086, episodic_return=-21.0
global_step=5352, episodic_return=-20.0
global_step=5590, episodic_return=-21.0
global_step=5781, episodic_return=-21.0
global_step=6000, episodic_return=-21.0
global_step=6202, episodic_return=-21.0
global_step=6398, episodic_return=-21.0
global_step=6618, episodic_return=-21.0
global_step=6827, episodic_return=-21.0
global_step=7040, episodic_return=-21.0
global_step=7242, episodic_return=-21.0
global_step=7458, episodic_return=-21.0
global_step=7645, episodic_return=-21.0
global_step=7875, episodic_return=-21.0
global_step=8126, episodic_return=-19.0
global_step=8321, episodic_return=-21.0
global_step=8550, episodic_return=-20.0
global_step=8800, episodic_return=-20.0
global_step=9004, episodic_return=-21.0
global_step=9226, episodic_return=-21.0
global_step=9434, episodic_return=-21.0
global_step=9649, episodic_return=-21.0
global_step=9838, episodic_return=-21.0
global_step=10020, episodic_return=-21.0
global_step=10269, episodic_return=-19.0
global_step=10498, episodic_return=-21.0
global_step=10719, episodic_return=-21.0
global_step=10933, episodic_return=-21.0
global_step=11135, episodic_return=-21.0
global_step=11320, episodic_return=-21.0
global_step=11540, episodic_return=-21.0
global_step=11727, episodic_return=-21.0
global_step=11942, episodic_return=-20.0
global_step=12160, episodic_return=-21.0
global_step=12392, episodic_return=-21.0
global_step=12574, episodic_return=-21.0
global_step=12813, episodic_return=-21.0
global_step=13050, episodic_return=-21.0
global_step=13260, episodic_return=-20.0
global_step=13509, episodic_return=-21.0
global_step=13730, episodic_return=-21.0
global_step=13937, episodic_return=-21.0
global_step=14128, episodic_return=-21.0
global_step=14338, episodic_return=-21.0
global_step=14590, episodic_return=-21.0
global_step=14799, episodic_return=-21.0
global_step=15036, episodic_return=-21.0
global_step=15226, episodic_return=-21.0
global_step=15412, episodic_return=-21.0
global_step=15608, episodic_return=-21.0
global_step=15816, episodic_return=-21.0
global_step=16036, episodic_return=-21.0
global_step=16237, episodic_return=-20.0
global_step=16472, episodic_return=-20.0
global_step=16704, episodic_return=-21.0
global_step=16893, episodic_return=-21.0
global_step=17118, episodic_return=-21.0
global_step=17330, episodic_return=-21.0
global_step=17529, episodic_return=-21.0
global_step=17778, episodic_return=-20.0
global_step=17997, episodic_return=-21.0
global_step=18182, episodic_return=-21.0
global_step=18435, episodic_return=-21.0
global_step=18623, episodic_return=-21.0
global_step=18879, episodic_return=-19.0
global_step=19067, episodic_return=-21.0
global_step=19291, episodic_return=-20.0
global_step=19484, episodic_return=-21.0
global_step=19688, episodic_return=-21.0
global_step=19943, episodic_return=-20.0
SPS: 361
Saving model...
global_step=20170, episodic_return=-21.0
global_step=20369, episodic_return=-21.0
global_step=20565, episodic_return=-21.0
global_step=20814, episodic_return=-21.0
global_step=21015, episodic_return=-21.0
global_step=21215, episodic_return=-21.0
global_step=21419, episodic_return=-21.0
global_step=21656, episodic_return=-21.0
global_step=21879, episodic_return=-20.0
global_step=22108, episodic_return=-21.0
global_step=22337, episodic_return=-21.0
global_step=22570, episodic_return=-21.0
global_step=22802, episodic_return=-20.0
global_step=23031, episodic_return=-21.0
global_step=23247, episodic_return=-21.0
global_step=23518, episodic_return=-21.0
global_step=23739, episodic_return=-21.0
global_step=23958, episodic_return=-21.0
global_step=24176, episodic_return=-21.0
global_step=24436, episodic_return=-20.0
global_step=24636, episodic_return=-21.0
global_step=24839, episodic_return=-21.0
global_step=25034, episodic_return=-21.0
global_step=25217, episodic_return=-21.0
global_step=25462, episodic_return=-21.0
global_step=25698, episodic_return=-20.0
global_step=25958, episodic_return=-19.0
global_step=26204, episodic_return=-20.0
global_step=26387, episodic_return=-21.0
global_step=26636, episodic_return=-21.0
global_step=26903, episodic_return=-19.0
global_step=27171, episodic_return=-19.0
global_step=27374, episodic_return=-21.0
global_step=27573, episodic_return=-21.0
global_step=27773, episodic_return=-21.0
global_step=27976, episodic_return=-21.0
global_step=28189, episodic_return=-21.0
global_step=28422, episodic_return=-21.0
global_step=28681, episodic_return=-19.0
global_step=28954, episodic_return=-19.0
global_step=29138, episodic_return=-21.0
global_step=29337, episodic_return=-21.0
global_step=29520, episodic_return=-21.0
global_step=29741, episodic_return=-21.0
global_step=29930, episodic_return=-21.0
global_step=30143, episodic_return=-21.0
global_step=30355, episodic_return=-21.0
global_step=30583, episodic_return=-20.0
global_step=30838, episodic_return=-21.0
global_step=31061, episodic_return=-21.0
global_step=31248, episodic_return=-21.0
global_step=31492, episodic_return=-21.0
global_step=31756, episodic_return=-21.0
global_step=31964, episodic_return=-21.0
global_step=32149, episodic_return=-21.0
global_step=32373, episodic_return=-20.0
global_step=32608, episodic_return=-21.0
global_step=32834, episodic_return=-21.0
global_step=33062, episodic_return=-21.0
global_step=33292, episodic_return=-21.0
global_step=33485, episodic_return=-21.0
global_step=33698, episodic_return=-21.0
global_step=33918, episodic_return=-21.0
global_step=34156, episodic_return=-20.0
global_step=34403, episodic_return=-21.0
global_step=34631, episodic_return=-21.0
global_step=34857, episodic_return=-21.0
global_step=35042, episodic_return=-21.0
global_step=35279, episodic_return=-21.0
global_step=35482, episodic_return=-21.0
global_step=35716, episodic_return=-21.0
global_step=35929, episodic_return=-21.0
global_step=36127, episodic_return=-21.0
global_step=36330, episodic_return=-21.0
global_step=36545, episodic_return=-21.0
global_step=36735, episodic_return=-21.0
global_step=36937, episodic_return=-21.0
global_step=37156, episodic_return=-21.0
global_step=37370, episodic_return=-21.0
global_step=37584, episodic_return=-21.0
global_step=37785, episodic_return=-21.0
global_step=38049, episodic_return=-21.0
global_step=38283, episodic_return=-21.0
global_step=38514, episodic_return=-21.0
global_step=38759, episodic_return=-20.0
global_step=38962, episodic_return=-21.0
global_step=39166, episodic_return=-21.0
global_step=39396, episodic_return=-21.0
global_step=39580, episodic_return=-21.0
global_step=39871, episodic_return=-20.0
global_step=40071, episodic_return=-21.0
global_step=40381, episodic_return=-18.0
global_step=40596, episodic_return=-21.0
global_step=40830, episodic_return=-21.0
global_step=41015, episodic_return=-21.0
global_step=41218, episodic_return=-21.0
global_step=41440, episodic_return=-21.0
global_step=41691, episodic_return=-21.0
global_step=41925, episodic_return=-20.0
global_step=42129, episodic_return=-21.0
global_step=42366, episodic_return=-21.0
global_step=42551, episodic_return=-21.0
global_step=42735, episodic_return=-21.0
global_step=42989, episodic_return=-19.0
global_step=43256, episodic_return=-20.0
Set log_beta to 6.5 (alpha=0.0015034391929775724).
global_step=212, episodic_return=-21.0
global_step=435, episodic_return=-21.0
global_step=655, episodic_return=-20.0
global_step=837, episodic_return=-21.0
global_step=1051, episodic_return=-20.0
global_step=1246, episodic_return=-21.0
global_step=1436, episodic_return=-21.0
global_step=1625, episodic_return=-21.0
global_step=1832, episodic_return=-21.0
global_step=2026, episodic_return=-21.0
global_step=2223, episodic_return=-21.0
global_step=2414, episodic_return=-21.0
global_step=2647, episodic_return=-21.0
global_step=2868, episodic_return=-21.0
global_step=3056, episodic_return=-21.0
global_step=3249, episodic_return=-21.0
global_step=3441, episodic_return=-21.0
global_step=3626, episodic_return=-21.0
global_step=3852, episodic_return=-21.0
global_step=4046, episodic_return=-21.0
global_step=4256, episodic_return=-21.0
global_step=4504, episodic_return=-20.0
global_step=4718, episodic_return=-21.0
global_step=4903, episodic_return=-21.0
global_step=5086, episodic_return=-21.0
global_step=5352, episodic_return=-20.0
global_step=5590, episodic_return=-21.0
global_step=5781, episodic_return=-21.0
global_step=6000, episodic_return=-21.0
global_step=6202, episodic_return=-21.0
global_step=6398, episodic_return=-21.0
global_step=6618, episodic_return=-21.0
global_step=6827, episodic_return=-21.0
global_step=7040, episodic_return=-21.0
global_step=7242, episodic_return=-21.0
global_step=7458, episodic_return=-21.0
global_step=7645, episodic_return=-21.0
global_step=7875, episodic_return=-21.0
global_step=8126, episodic_return=-19.0
global_step=8321, episodic_return=-21.0
global_step=8550, episodic_return=-20.0
global_step=8800, episodic_return=-20.0
global_step=9004, episodic_return=-21.0
global_step=9226, episodic_return=-21.0
global_step=9434, episodic_return=-21.0
global_step=9649, episodic_return=-21.0
global_step=9838, episodic_return=-21.0
global_step=10020, episodic_return=-21.0
global_step=10269, episodic_return=-19.0
global_step=10498, episodic_return=-21.0
global_step=10719, episodic_return=-21.0
global_step=10933, episodic_return=-21.0
global_step=11135, episodic_return=-21.0
global_step=11320, episodic_return=-21.0
global_step=11540, episodic_return=-21.0
global_step=11727, episodic_return=-21.0
global_step=11942, episodic_return=-20.0
global_step=12160, episodic_return=-21.0
global_step=12392, episodic_return=-21.0
global_step=12574, episodic_return=-21.0
global_step=12813, episodic_return=-21.0
global_step=13050, episodic_return=-21.0
global_step=13260, episodic_return=-20.0
global_step=13509, episodic_return=-21.0
global_step=13730, episodic_return=-21.0
global_step=13937, episodic_return=-21.0
global_step=14128, episodic_return=-21.0
global_step=14338, episodic_return=-21.0
global_step=14590, episodic_return=-21.0
global_step=14799, episodic_return=-21.0
global_step=15036, episodic_return=-21.0
global_step=15226, episodic_return=-21.0
global_step=15412, episodic_return=-21.0
global_step=15608, episodic_return=-21.0
global_step=15816, episodic_return=-21.0
global_step=16036, episodic_return=-21.0
global_step=16237, episodic_return=-20.0
global_step=16472, episodic_return=-20.0
global_step=16704, episodic_return=-21.0
global_step=16893, episodic_return=-21.0
global_step=17118, episodic_return=-21.0
global_step=17330, episodic_return=-21.0
global_step=17529, episodic_return=-21.0
global_step=17778, episodic_return=-20.0
global_step=17997, episodic_return=-21.0
global_step=18182, episodic_return=-21.0
global_step=18435, episodic_return=-21.0
global_step=18623, episodic_return=-21.0
global_step=18879, episodic_return=-19.0
global_step=19067, episodic_return=-21.0
global_step=19291, episodic_return=-20.0
global_step=19484, episodic_return=-21.0
global_step=19688, episodic_return=-21.0
global_step=19943, episodic_return=-20.0
SPS: 359
Saving model...
global_step=20170, episodic_return=-21.0
global_step=20369, episodic_return=-21.0
global_step=20565, episodic_return=-21.0
global_step=20814, episodic_return=-21.0
global_step=21015, episodic_return=-21.0
global_step=21215, episodic_return=-21.0
global_step=21419, episodic_return=-21.0
global_step=21656, episodic_return=-21.0
global_step=21879, episodic_return=-20.0
global_step=22108, episodic_return=-21.0
global_step=22337, episodic_return=-21.0
global_step=22570, episodic_return=-21.0
global_step=22802, episodic_return=-20.0
global_step=23031, episodic_return=-21.0
global_step=23247, episodic_return=-21.0
global_step=23518, episodic_return=-21.0
global_step=23739, episodic_return=-21.0
global_step=23958, episodic_return=-21.0
global_step=24176, episodic_return=-21.0
global_step=24436, episodic_return=-20.0
global_step=24636, episodic_return=-21.0
global_step=24839, episodic_return=-21.0
global_step=25034, episodic_return=-21.0
global_step=25217, episodic_return=-21.0
global_step=25462, episodic_return=-21.0
global_step=25698, episodic_return=-20.0
global_step=25958, episodic_return=-19.0
global_step=26204, episodic_return=-20.0
global_step=26387, episodic_return=-21.0
global_step=26636, episodic_return=-21.0
global_step=26903, episodic_return=-19.0
global_step=27171, episodic_return=-19.0
global_step=27374, episodic_return=-21.0
global_step=27573, episodic_return=-21.0
global_step=27773, episodic_return=-21.0
global_step=27976, episodic_return=-21.0
global_step=28189, episodic_return=-21.0
global_step=28422, episodic_return=-21.0
global_step=28681, episodic_return=-19.0
global_step=28954, episodic_return=-19.0
global_step=29138, episodic_return=-21.0
global_step=29337, episodic_return=-21.0
global_step=29520, episodic_return=-21.0
global_step=29741, episodic_return=-21.0
global_step=29930, episodic_return=-21.0
global_step=30143, episodic_return=-21.0
global_step=30355, episodic_return=-21.0
global_step=30583, episodic_return=-20.0
global_step=30838, episodic_return=-21.0
global_step=31061, episodic_return=-21.0
global_step=31248, episodic_return=-21.0
global_step=31492, episodic_return=-21.0
global_step=31756, episodic_return=-21.0
global_step=31964, episodic_return=-21.0
global_step=32149, episodic_return=-21.0
global_step=32373, episodic_return=-20.0
global_step=32608, episodic_return=-21.0
global_step=32834, episodic_return=-21.0
global_step=33062, episodic_return=-21.0
global_step=33292, episodic_return=-21.0
global_step=33485, episodic_return=-21.0
global_step=33698, episodic_return=-21.0
global_step=33918, episodic_return=-21.0
global_step=34156, episodic_return=-20.0
global_step=34403, episodic_return=-21.0
global_step=34631, episodic_return=-21.0
global_step=34857, episodic_return=-21.0
global_step=35042, episodic_return=-21.0
global_step=35279, episodic_return=-21.0
global_step=35482, episodic_return=-21.0
global_step=35716, episodic_return=-21.0
global_step=35929, episodic_return=-21.0
global_step=36127, episodic_return=-21.0
global_step=36330, episodic_return=-21.0
global_step=36545, episodic_return=-21.0
global_step=36735, episodic_return=-21.0
global_step=36937, episodic_return=-21.0
global_step=37156, episodic_return=-21.0
global_step=37370, episodic_return=-21.0
global_step=37584, episodic_return=-21.0
global_step=37785, episodic_return=-21.0
global_step=38049, episodic_return=-21.0
global_step=38283, episodic_return=-21.0
global_step=38514, episodic_return=-21.0
global_step=38759, episodic_return=-20.0
global_step=38962, episodic_return=-21.0
global_step=39166, episodic_return=-21.0
global_step=39396, episodic_return=-21.0
global_step=39580, episodic_return=-21.0
global_step=39871, episodic_return=-20.0
global_step=40071, episodic_return=-21.0
global_step=40381, episodic_return=-18.0
global_step=40596, episodic_return=-21.0
global_step=40830, episodic_return=-21.0
global_step=41015, episodic_return=-21.0
global_step=41218, episodic_return=-21.0
global_step=41440, episodic_return=-21.0
global_step=41691, episodic_return=-21.0
global_step=41925, episodic_return=-20.0
global_step=42129, episodic_return=-21.0
global_step=42366, episodic_return=-21.0
global_step=42551, episodic_return=-21.0
global_step=42735, episodic_return=-21.0
global_step=42989, episodic_return=-19.0
global_step=43256, episodic_return=-20.0
Set log_beta to 5.0 (alpha=0.006737946999085467).
global_step=212, episodic_return=-21.0
global_step=435, episodic_return=-21.0
global_step=655, episodic_return=-20.0
global_step=837, episodic_return=-21.0
global_step=1051, episodic_return=-20.0
global_step=1246, episodic_return=-21.0
global_step=1436, episodic_return=-21.0
global_step=1625, episodic_return=-21.0
global_step=1832, episodic_return=-21.0
global_step=2026, episodic_return=-21.0
global_step=2223, episodic_return=-21.0
global_step=2414, episodic_return=-21.0
global_step=2647, episodic_return=-21.0
global_step=2868, episodic_return=-21.0
global_step=3056, episodic_return=-21.0
global_step=3249, episodic_return=-21.0
global_step=3441, episodic_return=-21.0
global_step=3626, episodic_return=-21.0
global_step=3852, episodic_return=-21.0
global_step=4046, episodic_return=-21.0
global_step=4256, episodic_return=-21.0
global_step=4504, episodic_return=-20.0
global_step=4718, episodic_return=-21.0
global_step=4903, episodic_return=-21.0
global_step=5086, episodic_return=-21.0
global_step=5352, episodic_return=-20.0
global_step=5590, episodic_return=-21.0
global_step=5781, episodic_return=-21.0
global_step=6000, episodic_return=-21.0
global_step=6202, episodic_return=-21.0
global_step=6398, episodic_return=-21.0
global_step=6618, episodic_return=-21.0
global_step=6827, episodic_return=-21.0
global_step=7040, episodic_return=-21.0
global_step=7242, episodic_return=-21.0
global_step=7458, episodic_return=-21.0
global_step=7645, episodic_return=-21.0
global_step=7875, episodic_return=-21.0
global_step=8126, episodic_return=-19.0
global_step=8321, episodic_return=-21.0
global_step=8550, episodic_return=-20.0
global_step=8800, episodic_return=-20.0
global_step=9004, episodic_return=-21.0
global_step=9226, episodic_return=-21.0
global_step=9434, episodic_return=-21.0
global_step=9649, episodic_return=-21.0
global_step=9838, episodic_return=-21.0
global_step=10020, episodic_return=-21.0
global_step=10269, episodic_return=-19.0
global_step=10498, episodic_return=-21.0
global_step=10719, episodic_return=-21.0
global_step=10933, episodic_return=-21.0
global_step=11135, episodic_return=-21.0
global_step=11320, episodic_return=-21.0
global_step=11540, episodic_return=-21.0
global_step=11727, episodic_return=-21.0
global_step=11942, episodic_return=-20.0
global_step=12160, episodic_return=-21.0
global_step=12392, episodic_return=-21.0
global_step=12574, episodic_return=-21.0
global_step=12813, episodic_return=-21.0
global_step=13050, episodic_return=-21.0
global_step=13260, episodic_return=-20.0
global_step=13509, episodic_return=-21.0
global_step=13730, episodic_return=-21.0
global_step=13937, episodic_return=-21.0
global_step=14128, episodic_return=-21.0
global_step=14338, episodic_return=-21.0
global_step=14590, episodic_return=-21.0
global_step=14799, episodic_return=-21.0
global_step=15036, episodic_return=-21.0
global_step=15226, episodic_return=-21.0
global_step=15412, episodic_return=-21.0
global_step=15608, episodic_return=-21.0
global_step=15816, episodic_return=-21.0
global_step=16036, episodic_return=-21.0
global_step=16237, episodic_return=-20.0
global_step=16472, episodic_return=-20.0
global_step=16704, episodic_return=-21.0
global_step=16893, episodic_return=-21.0
global_step=17118, episodic_return=-21.0
global_step=17330, episodic_return=-21.0
global_step=17529, episodic_return=-21.0
global_step=17778, episodic_return=-20.0
global_step=17997, episodic_return=-21.0
global_step=18182, episodic_return=-21.0
global_step=18435, episodic_return=-21.0
global_step=18623, episodic_return=-21.0
global_step=18879, episodic_return=-19.0
global_step=19067, episodic_return=-21.0
global_step=19291, episodic_return=-20.0
global_step=19484, episodic_return=-21.0
global_step=19688, episodic_return=-21.0
global_step=19943, episodic_return=-20.0
SPS: 361
Saving model...
global_step=20170, episodic_return=-21.0
global_step=20369, episodic_return=-21.0
global_step=20565, episodic_return=-21.0
global_step=20814, episodic_return=-21.0
global_step=21015, episodic_return=-21.0
global_step=21215, episodic_return=-21.0
global_step=21419, episodic_return=-21.0
global_step=21656, episodic_return=-21.0
global_step=21879, episodic_return=-20.0
global_step=22108, episodic_return=-21.0
global_step=22337, episodic_return=-21.0
global_step=22570, episodic_return=-21.0
global_step=22802, episodic_return=-20.0
global_step=23031, episodic_return=-21.0
global_step=23247, episodic_return=-21.0
global_step=23518, episodic_return=-21.0
global_step=23739, episodic_return=-21.0
global_step=23958, episodic_return=-21.0
global_step=24196, episodic_return=-21.0
global_step=24424, episodic_return=-21.0
global_step=24658, episodic_return=-20.0
global_step=24925, episodic_return=-21.0
global_step=25143, episodic_return=-21.0
global_step=25387, episodic_return=-20.0
global_step=25589, episodic_return=-21.0
global_step=25806, episodic_return=-20.0
global_step=26075, episodic_return=-20.0
global_step=26292, episodic_return=-21.0
global_step=26512, episodic_return=-21.0
global_step=26701, episodic_return=-21.0
global_step=26884, episodic_return=-21.0
global_step=27099, episodic_return=-21.0
global_step=27309, episodic_return=-21.0
global_step=27531, episodic_return=-21.0
global_step=27764, episodic_return=-21.0
global_step=27986, episodic_return=-20.0
global_step=28183, episodic_return=-21.0
global_step=28392, episodic_return=-21.0
global_step=28623, episodic_return=-21.0
global_step=28856, episodic_return=-21.0
global_step=29078, episodic_return=-21.0
global_step=29328, episodic_return=-20.0
global_step=29511, episodic_return=-21.0
global_step=29710, episodic_return=-21.0
global_step=29904, episodic_return=-21.0
global_step=30119, episodic_return=-21.0
global_step=30329, episodic_return=-21.0
global_step=30532, episodic_return=-21.0
global_step=30751, episodic_return=-21.0
global_step=31062, episodic_return=-18.0
global_step=31280, episodic_return=-21.0
global_step=31514, episodic_return=-21.0
global_step=31772, episodic_return=-19.0
global_step=31998, episodic_return=-20.0
global_step=32213, episodic_return=-21.0
global_step=32420, episodic_return=-21.0
global_step=32622, episodic_return=-20.0
global_step=32811, episodic_return=-21.0
global_step=33101, episodic_return=-19.0
global_step=33301, episodic_return=-21.0
global_step=33514, episodic_return=-20.0
global_step=33724, episodic_return=-21.0
global_step=33957, episodic_return=-21.0
global_step=34199, episodic_return=-20.0
global_step=34459, episodic_return=-20.0
global_step=34657, episodic_return=-21.0
global_step=34846, episodic_return=-21.0
global_step=35031, episodic_return=-21.0
global_step=35297, episodic_return=-19.0
global_step=35554, episodic_return=-20.0
global_step=35784, episodic_return=-21.0
global_step=36037, episodic_return=-20.0
global_step=36270, episodic_return=-21.0
global_step=36515, episodic_return=-21.0
global_step=36705, episodic_return=-21.0
global_step=36911, episodic_return=-21.0
global_step=37196, episodic_return=-21.0
global_step=37469, episodic_return=-19.0
global_step=37653, episodic_return=-21.0
global_step=37905, episodic_return=-21.0
global_step=38121, episodic_return=-21.0
global_step=38346, episodic_return=-21.0
global_step=38557, episodic_return=-21.0
global_step=38774, episodic_return=-21.0
global_step=39003, episodic_return=-21.0
global_step=39195, episodic_return=-21.0
global_step=39384, episodic_return=-21.0
global_step=39652, episodic_return=-19.0
global_step=39836, episodic_return=-21.0
global_step=40094, episodic_return=-21.0
global_step=40407, episodic_return=-19.0
global_step=40652, episodic_return=-21.0
global_step=40929, episodic_return=-21.0
global_step=41149, episodic_return=-21.0
global_step=41361, episodic_return=-21.0
global_step=41549, episodic_return=-21.0
global_step=41753, episodic_return=-21.0
global_step=41939, episodic_return=-21.0
global_step=42124, episodic_return=-21.0
global_step=42397, episodic_return=-20.0
global_step=42646, episodic_return=-20.0
global_step=42831, episodic_return=-21.0
global_step=43030, episodic_return=-21.0
global_step=43217, episodic_return=-21.0
global_step=43421, episodic_return=-21.0
